0 verbose cli C:\Program Files\nodejs\node.exe C:\Program Files\nodejs\node_modules\npm\bin\npm-cli.js
1 info using npm@11.12.1
2 info using node@v24.15.0
3 silly config load:file:C:\Program Files\nodejs\node_modules\npm\npmrc
4 silly config load:file:C:\Users\istiy\OneDrive\Desktop\DISS-Sync-main\.npmrc
5 silly config load:file:C:\Users\istiy\.npmrc
6 silly config load:file:C:\Users\istiy\AppData\Roaming\npm\etc\npmrc
7 verbose title npm install
8 verbose argv "install" "--cache" ".\\.npm-cache"
9 verbose logfile logs-max:10 dir:C:\Users\istiy\OneDrive\Desktop\DISS-Sync-main\.npm-cache\_logs\2026-06-13T16_36_29_777Z-
10 verbose logfile C:\Users\istiy\OneDrive\Desktop\DISS-Sync-main\.npm-cache\_logs\2026-06-13T16_36_29_777Z-debug-0.log
11 silly logfile done cleaning log files
12 silly packumentCache heap:2348810240 maxSize:587202560 maxEntrySize:293601280
13 silly idealTree buildDeps
14 silly fetch manifest @react-native-async-storage/async-storage@^2.2.0
15 silly packumentCache full:https://registry.npmjs.org/@react-native-async-storage%2fasync-storage cache-miss
16 verbose shrinkwrap failed to load node_modules/.package-lock.json out of date, updated: node_modules/@babel
17 http fetch GET 200 https://registry.npmjs.org/@react-native-async-storage%2fasync-storage 2346ms (cache miss)
18 silly packumentCache full:https://registry.npmjs.org/@react-native-async-storage%2fasync-storage set size:undefined disposed:false
19 silly fetch manifest react-native@0.83.6
20 silly packumentCache full:https://registry.npmjs.org/react-native cache-miss
21 http fetch GET 200 https://registry.npmjs.org/react-native 1952ms (cache miss)
22 silly packumentCache full:https://registry.npmjs.org/react-native set size:undefined disposed:false
23 silly fetch manifest @types/react@^19.1.1
24 silly packumentCache full:https://registry.npmjs.org/@types%2freact cache-miss
25 http fetch GET 200 https://registry.npmjs.org/@types%2freact 429ms (cache miss)
26 silly packumentCache full:https://registry.npmjs.org/@types%2freact set size:undefined disposed:false
27 silly fetch manifest react@19.2.0
28 silly packumentCache full:https://registry.npmjs.org/react cache-miss
29 http fetch GET 200 https://registry.npmjs.org/react 1112ms (cache miss)
30 silly packumentCache full:https://registry.npmjs.org/react set size:undefined disposed:false
31 silly placeDep ROOT @react-native-async-storage/async-storage@2.2.0 OK for: diss-final@1.0.0 want: ^2.2.0
32 silly fetch manifest merge-options@^3.0.4
33 silly packumentCache full:https://registry.npmjs.org/merge-options cache-miss
34 http fetch GET 200 https://registry.npmjs.org/merge-options 438ms (cache miss)
35 silly packumentCache full:https://registry.npmjs.org/merge-options set size:undefined disposed:false
36 silly placeDep ROOT merge-options@3.0.4 OK for: @react-native-async-storage/async-storage@2.2.0 want: ^3.0.4
37 silly fetch manifest is-plain-obj@^2.1.0
38 silly packumentCache full:https://registry.npmjs.org/is-plain-obj cache-miss
39 http fetch GET 200 https://registry.npmjs.org/is-plain-obj 82ms (cache miss)
40 silly packumentCache full:https://registry.npmjs.org/is-plain-obj set size:undefined disposed:false
41 silly placeDep ROOT is-plain-obj@2.1.0 OK for: merge-options@3.0.4 want: ^2.1.0
42 silly reify moves {}
43 silly audit bulk request {
43 silly audit   '@babel/code-frame': [ '7.29.0' ],
43 silly audit   '@babel/compat-data': [ '7.29.3' ],
43 silly audit   '@babel/core': [ '7.29.0' ],
43 silly audit   semver: [ '6.3.1', '7.8.0' ],
43 silly audit   '@babel/generator': [ '7.29.1' ],
43 silly audit   '@babel/helper-annotate-as-pure': [ '7.27.3' ],
43 silly audit   '@babel/helper-compilation-targets': [ '7.28.6' ],
43 silly audit   '@babel/helper-create-class-features-plugin': [ '7.29.3' ],
43 silly audit   '@babel/helper-create-regexp-features-plugin': [ '7.28.5' ],
43 silly audit   '@babel/helper-define-polyfill-provider': [ '0.6.8' ],
43 silly audit   '@babel/helper-globals': [ '7.28.0' ],
43 silly audit   '@babel/helper-member-expression-to-functions': [ '7.28.5' ],
43 silly audit   '@babel/helper-module-imports': [ '7.28.6' ],
43 silly audit   '@babel/helper-module-transforms': [ '7.28.6' ],
43 silly audit   '@babel/helper-optimise-call-expression': [ '7.27.1' ],
43 silly audit   '@babel/helper-plugin-utils': [ '7.28.6' ],
43 silly audit   '@babel/helper-remap-async-to-generator': [ '7.27.1' ],
43 silly audit   '@babel/helper-replace-supers': [ '7.28.6' ],
43 silly audit   '@babel/helper-skip-transparent-expression-wrappers': [ '7.27.1' ],
43 silly audit   '@babel/helper-string-parser': [ '7.27.1' ],
43 silly audit   '@babel/helper-validator-identifier': [ '7.28.5' ],
43 silly audit   '@babel/helper-validator-option': [ '7.27.1' ],
43 silly audit   '@babel/helper-wrap-function': [ '7.28.6' ],
43 silly audit   '@babel/helpers': [ '7.29.2' ],
43 silly audit   '@babel/parser': [ '7.29.3' ],
43 silly audit   '@babel/plugin-proposal-decorators': [ '7.29.0' ],
43 silly audit   '@babel/plugin-proposal-export-default-from': [ '7.27.1' ],
43 silly audit   '@babel/plugin-syntax-async-generators': [ '7.8.4' ],
43 silly audit   '@babel/plugin-syntax-bigint': [ '7.8.3' ],
43 silly audit   '@babel/plugin-syntax-class-properties': [ '7.12.13' ],
43 silly audit   '@babel/plugin-syntax-class-static-block': [ '7.14.5' ],
43 silly audit   '@babel/plugin-syntax-decorators': [ '7.28.6' ],
43 silly audit   '@babel/plugin-syntax-dynamic-import': [ '7.8.3' ],
43 silly audit   '@babel/plugin-syntax-export-default-from': [ '7.28.6' ],
43 silly audit   '@babel/plugin-syntax-flow': [ '7.28.6' ],
43 silly audit   '@babel/plugin-syntax-import-attributes': [ '7.28.6' ],
43 silly audit   '@babel/plugin-syntax-import-meta': [ '7.10.4' ],
43 silly audit   '@babel/plugin-syntax-json-strings': [ '7.8.3' ],
43 silly audit   '@babel/plugin-syntax-jsx': [ '7.28.6' ],
43 silly audit   '@babel/plugin-syntax-logical-assignment-operators': [ '7.10.4' ],
43 silly audit   '@babel/plugin-syntax-nullish-coalescing-operator': [ '7.8.3' ],
43 silly audit   '@babel/plugin-syntax-numeric-separator': [ '7.10.4' ],
43 silly audit   '@babel/plugin-syntax-object-rest-spread': [ '7.8.3' ],
43 silly audit   '@babel/plugin-syntax-optional-catch-binding': [ '7.8.3' ],
43 silly audit   '@babel/plugin-syntax-optional-chaining': [ '7.8.3' ],
43 silly audit   '@babel/plugin-syntax-private-property-in-object': [ '7.14.5' ],
43 silly audit   '@babel/plugin-syntax-top-level-await': [ '7.14.5' ],
43 silly audit   '@babel/plugin-syntax-typescript': [ '7.28.6' ],
43 silly audit   '@babel/plugin-transform-arrow-functions': [ '7.27.1' ],
43 silly audit   '@babel/plugin-transform-async-generator-functions': [ '7.29.0' ],
43 silly audit   '@babel/plugin-transform-async-to-generator': [ '7.28.6' ],
43 silly audit   '@babel/plugin-transform-block-scoping': [ '7.28.6' ],
43 silly audit   '@babel/plugin-transform-class-properties': [ '7.28.6' ],
43 silly audit   '@babel/plugin-transform-class-static-block': [ '7.28.6' ],
43 silly audit   '@babel/plugin-transform-classes': [ '7.28.6' ],
43 silly audit   '@babel/plugin-transform-computed-properties': [ '7.28.6' ],
43 silly audit   '@babel/plugin-transform-destructuring': [ '7.28.5' ],
43 silly audit   '@babel/plugin-transform-export-namespace-from': [ '7.27.1' ],
43 silly audit   '@babel/plugin-transform-flow-strip-types': [ '7.27.1' ],
43 silly audit   '@babel/plugin-transform-for-of': [ '7.27.1' ],
43 silly audit   '@babel/plugin-transform-function-name': [ '7.27.1' ],
43 silly audit   '@babel/plugin-transform-literals': [ '7.27.1' ],
43 silly audit   '@babel/plugin-transform-logical-assignment-operators': [ '7.28.6' ],
43 silly audit   '@babel/plugin-transform-modules-commonjs': [ '7.28.6' ],
43 silly audit   '@babel/plugin-transform-named-capturing-groups-regex': [ '7.29.0' ],
43 silly audit   '@babel/plugin-transform-nullish-coalescing-operator': [ '7.28.6' ],
43 silly audit   '@babel/plugin-transform-numeric-separator': [ '7.28.6' ],
43 silly audit   '@babel/plugin-transform-object-rest-spread': [ '7.28.6' ],
43 silly audit   '@babel/plugin-transform-optional-catch-binding': [ '7.28.6' ],
43 silly audit   '@babel/plugin-transform-optional-chaining': [ '7.28.6' ],
43 silly audit   '@babel/plugin-transform-parameters': [ '7.27.7' ],
43 silly audit   '@babel/plugin-transform-private-methods': [ '7.28.6' ],
43 silly audit   '@babel/plugin-transform-private-property-in-object': [ '7.28.6' ],
43 silly audit   '@babel/plugin-transform-react-display-name': [ '7.28.0' ],
43 silly audit   '@babel/plugin-transform-react-jsx': [ '7.28.6' ],
43 silly audit   '@babel/plugin-transform-react-jsx-development': [ '7.27.1' ],
43 silly audit   '@babel/plugin-transform-react-jsx-self': [ '7.27.1' ],
43 silly audit   '@babel/plugin-transform-react-jsx-source': [ '7.27.1' ],
43 silly audit   '@babel/plugin-transform-react-pure-annotations': [ '7.27.1' ],
43 silly audit   '@babel/plugin-transform-regenerator': [ '7.29.0' ],
43 silly audit   '@babel/plugin-transform-runtime': [ '7.29.0' ],
43 silly audit   '@babel/plugin-transform-shorthand-properties': [ '7.27.1' ],
43 silly audit   '@babel/plugin-transform-spread': [ '7.28.6' ],
43 silly audit   '@babel/plugin-transform-sticky-regex': [ '7.27.1' ],
43 silly audit   '@babel/plugin-transform-typescript': [ '7.28.6' ],
43 silly audit   '@babel/plugin-transform-unicode-regex': [ '7.27.1' ],
43 silly audit   '@babel/preset-react': [ '7.28.5' ],
43 silly audit   '@babel/preset-typescript': [ '7.28.5' ],
43 silly audit   '@babel/runtime': [ '7.29.2' ],
43 silly audit   '@babel/template': [ '7.28.6' ],
43 silly audit   '@babel/traverse': [ '7.29.0' ],
43 silly audit   '@babel/types': [ '7.29.0' ],
43 silly audit   '@expo/code-signing-certificates': [ '0.0.6' ],
43 silly audit   '@expo/config': [ '55.0.17' ],
43 silly audit   '@expo/config-plugins': [ '55.0.9' ],
43 silly audit   '@expo/config-types': [ '55.0.5' ],
43 silly audit   '@expo/devcert': [ '1.2.1' ],
43 silly audit   debug: [ '3.2.7', '2.6.9', '4.4.3' ],
43 silly audit   '@expo/devtools': [ '55.0.3' ],
43 silly audit   '@expo/env': [ '2.1.2' ],
43 silly audit   '@expo/fingerprint': [ '0.16.7' ],
43 silly audit   '@expo/image-utils': [ '0.8.14' ],
43 silly audit   '@expo/json-file': [ '10.0.14' ],
43 silly audit   '@expo/local-build-cache-provider': [ '55.0.13' ],
43 silly audit   '@expo/metro': [ '55.1.1' ],
43 silly audit   '@expo/ngrok': [ '4.1.3' ],
43 silly audit   '@expo/ngrok-bin': [ '2.3.42' ],
43 silly audit   '@expo/ngrok-bin-darwin-arm64': [ '2.3.41' ],
43 silly audit   '@expo/ngrok-bin-darwin-x64': [ '2.3.41' ],
43 silly audit   '@expo/ngrok-bin-freebsd-ia32': [ '2.3.41' ],
43 silly audit   '@expo/ngrok-bin-freebsd-x64': [ '2.3.41' ],
43 silly audit   '@expo/ngrok-bin-linux-arm': [ '2.3.41' ],
43 silly audit   '@expo/ngrok-bin-linux-arm64': [ '2.3.41' ],
43 silly audit   '@expo/ngrok-bin-linux-ia32': [ '2.3.41' ],
43 silly audit   '@expo/ngrok-bin-linux-x64': [ '2.3.41' ],
43 silly audit   '@expo/ngrok-bin-sunos-x64': [ '2.3.41' ],
43 silly audit   '@expo/ngrok-bin-win32-ia32': [ '2.3.41' ],
43 silly audit   '@expo/ngrok-bin-win32-x64': [ '2.3.41' ],
43 silly audit   uuid: [ '3.4.0', '7.0.3' ],
43 silly audit   yaml: [ '1.10.3', '2.9.0' ],
43 silly audit   '@expo/osascript': [ '2.4.3' ],
43 silly audit   '@expo/package-manager': [ '1.10.5' ],
43 silly audit   '@expo/plist': [ '0.5.3' ],
43 silly audit   '@expo/require-utils': [ '55.0.5' ],
43 silly audit   '@expo/schema-utils': [ '55.0.4' ],
43 silly audit   '@expo/sdk-runtime-versions': [ '1.0.0' ],
43 silly audit   '@expo/spawn-async': [ '1.7.2' ],
43 silly audit   '@expo/sudo-prompt': [ '9.3.2' ],
43 silly audit   '@expo/ws-tunnel': [ '1.0.6' ],
43 silly audit   '@expo/xcpretty': [ '4.4.4' ],
43 silly audit   argparse: [ '2.0.1', '1.0.10' ],
43 silly audit   'js-yaml': [ '4.1.1', '3.14.2' ],
43 silly audit   '@firebase/ai': [ '2.12.0' ],
43 silly audit   '@firebase/analytics': [ '0.10.22' ],
43 silly audit   '@firebase/analytics-compat': [ '0.2.28' ],
43 silly audit   '@firebase/analytics-types': [ '0.8.4' ],
43 silly audit   '@firebase/app': [ '0.14.12' ],
43 silly audit   '@firebase/app-check': [ '0.11.3' ],
43 silly audit   '@firebase/app-check-compat': [ '0.4.3' ],
43 silly audit   '@firebase/app-check-interop-types': [ '0.3.4' ],
43 silly audit   '@firebase/app-check-types': [ '0.5.4' ],
43 silly audit   '@firebase/app-compat': [ '0.5.12' ],
43 silly audit   '@firebase/app-types': [ '0.9.5' ],
43 silly audit   '@firebase/auth': [ '1.13.1' ],
43 silly audit   '@firebase/auth-compat': [ '0.6.6' ],
43 silly audit   '@firebase/auth-interop-types': [ '0.2.5' ],
43 silly audit   '@firebase/auth-types': [ '0.13.1' ],
43 silly audit   '@firebase/component': [ '0.7.3' ],
43 silly audit   '@firebase/data-connect': [ '0.7.0' ],
43 silly audit   '@firebase/database': [ '1.1.3' ],
43 silly audit   '@firebase/database-compat': [ '2.1.4' ],
43 silly audit   '@firebase/database-types': [ '1.0.20' ],
43 silly audit   '@firebase/firestore': [ '4.14.1' ],
43 silly audit   '@firebase/firestore-compat': [ '0.4.9' ],
43 silly audit   '@firebase/firestore-types': [ '3.0.4' ],
43 silly audit   '@firebase/functions': [ '0.13.4' ],
43 silly audit   '@firebase/functions-compat': [ '0.4.4' ],
43 silly audit   '@firebase/functions-types': [ '0.6.4' ],
43 silly audit   '@firebase/installations': [ '0.6.22' ],
43 silly audit   '@firebase/installations-compat': [ '0.2.22' ],
43 silly audit   '@firebase/installations-types': [ '0.5.4' ],
43 silly audit   '@firebase/logger': [ '0.5.1' ],
43 silly audit   '@firebase/messaging': [ '0.12.26' ],
43 silly audit   '@firebase/messaging-compat': [ '0.2.26' ],
43 silly audit   '@firebase/messaging-interop-types': [ '0.2.4' ],
43 silly audit   '@firebase/performance': [ '0.7.12' ],
43 silly audit   '@firebase/performance-compat': [ '0.2.25' ],
43 silly audit   '@firebase/performance-types': [ '0.2.4' ],
43 silly audit   '@firebase/remote-config': [ '0.8.3' ],
43 silly audit   '@firebase/remote-config-compat': [ '0.2.24' ],
43 silly audit   '@firebase/remote-config-types': [ '0.5.1' ],
43 silly audit   '@firebase/storage': [ '0.14.3' ],
43 silly audit   '@firebase/storage-compat': [ '0.4.3' ],
43 silly audit   '@firebase/storage-types': [ '0.8.4' ],
43 silly audit   '@firebase/util': [ '1.15.1' ],
43 silly audit   '@firebase/webchannel-wrapper': [ '1.0.6' ],
43 silly audit   '@grpc/grpc-js': [ '1.9.15' ],
43 silly audit   '@grpc/proto-loader': [ '0.7.15' ],
43 silly audit   '@isaacs/ttlcache': [ '1.4.1' ],
43 silly audit   '@istanbuljs/load-nyc-config': [ '1.1.0' ],
43 silly audit   camelcase: [ '5.3.1', '6.3.0' ],
43 silly audit   '@istanbuljs/schema': [ '0.1.6' ],
43 silly audit   '@jest/create-cache-key-function': [ '29.7.0' ],
43 silly audit   '@jest/environment': [ '29.7.0' ],
43 silly audit   '@jest/fake-timers': [ '29.7.0' ],
43 silly audit   '@jest/schemas': [ '29.6.3' ],
43 silly audit   '@jest/transform': [ '29.7.0' ],
43 silly audit   '@jest/types': [ '29.6.3' ],
43 silly audit   '@jridgewell/gen-mapping': [ '0.3.13' ],
43 silly audit   '@jridgewell/remapping': [ '2.3.5' ],
43 silly audit   '@jridgewell/resolve-uri': [ '3.1.2' ],
43 silly audit   '@jridgewell/source-map': [ '0.3.11' ],
43 silly audit   '@jridgewell/sourcemap-codec': [ '1.5.5' ],
43 silly audit   '@jridgewell/trace-mapping': [ '0.3.31' ],
43 silly audit   '@protobufjs/aspromise': [ '1.1.2' ],
43 silly audit   '@protobufjs/base64': [ '1.1.2' ],
43 silly audit   '@protobufjs/codegen': [ '2.0.5' ],
43 silly audit   '@protobufjs/eventemitter': [ '1.1.0' ],
43 silly audit   '@protobufjs/fetch': [ '1.1.1' ],
43 silly audit   '@protobufjs/float': [ '1.0.2' ],
43 silly audit   '@protobufjs/inquire': [ '1.1.2' ],
43 silly audit   '@protobufjs/path': [ '1.1.2' ],
43 silly audit   '@protobufjs/pool': [ '1.1.0' ],
43 silly audit   '@protobufjs/utf8': [ '1.1.1' ],
43 silly audit   '@react-native/assets-registry': [ '0.83.6' ],
43 silly audit   '@react-native/babel-plugin-codegen': [ '0.83.6' ],
43 silly audit   '@react-native/babel-preset': [ '0.83.6' ],
43 silly audit   '@react-native/codegen': [ '0.83.6' ],
43 silly audit   'balanced-match': [ '1.0.2', '4.0.4' ],
43 silly audit   'brace-expansion': [ '1.1.14', '5.0.6' ],
43 silly audit   glob: [ '7.2.3', '13.0.6' ],
43 silly audit   'hermes-estree': [ '0.32.0', '0.32.1', '0.35.0' ],
43 silly audit   'hermes-parser': [ '0.32.0', '0.32.1', '0.35.0' ],
43 silly audit   minimatch: [ '3.1.5', '10.2.5' ],
43 silly audit   '@react-native/community-cli-plugin': [ '0.83.6' ],
43 silly audit   '@react-native/debugger-frontend': [ '0.83.6' ],
43 silly audit   '@react-native/debugger-shell': [ '0.83.6' ],
43 silly audit   '@react-native/dev-middleware': [ '0.83.6' ],
43 silly audit   '@react-native/gradle-plugin': [ '0.83.6' ],
43 silly audit   '@react-native/js-polyfills': [ '0.83.6' ],
43 silly audit   '@react-native/normalize-colors': [ '0.83.6', '0.74.89' ],
43 silly audit   '@sinclair/typebox': [ '0.27.10' ],
43 silly audit   '@sindresorhus/is': [ '4.6.0' ],
43 silly audit   '@sinonjs/commons': [ '3.0.1' ],
43 silly audit   '@sinonjs/fake-timers': [ '10.3.0' ],
43 silly audit   '@szmarczak/http-timer': [ '4.0.6' ],
43 silly audit   '@types/babel__core': [ '7.20.5' ],
43 silly audit   '@types/babel__generator': [ '7.27.0' ],
43 silly audit   '@types/babel__template': [ '7.4.4' ],
43 silly audit   '@types/babel__traverse': [ '7.28.0' ],
43 silly audit   '@types/cacheable-request': [ '6.0.3' ],
43 silly audit   '@types/graceful-fs': [ '4.1.9' ],
43 silly audit   '@types/http-cache-semantics': [ '4.2.0' ],
43 silly audit   '@types/istanbul-lib-coverage': [ '2.0.6' ],
43 silly audit   '@types/istanbul-lib-report': [ '3.0.3' ],
43 silly audit   '@types/istanbul-reports': [ '3.0.4' ],
43 silly audit   '@types/keyv': [ '3.1.4' ],
43 silly audit   '@types/node': [ '25.9.0' ],
43 silly audit   '@types/responselike': [ '1.0.3' ],
43 silly audit   '@types/stack-utils': [ '2.0.3' ],
43 silly audit   '@types/yargs': [ '17.0.35' ],
43 silly audit   '@types/yargs-parser': [ '21.0.3' ],
43 silly audit   '@ungap/structured-clone': [ '1.3.1' ],
43 silly audit   '@xmldom/xmldom': [ '0.8.13', '0.9.10' ],
43 silly audit   'abort-controller': [ '3.0.0' ],
43 silly audit   accepts: [ '2.0.0', '1.3.8' ],
43 silly audit   acorn: [ '8.16.0' ],
43 silly audit   'agent-base': [ '7.1.4' ],
43 silly audit   anser: [ '1.4.10' ],
43 silly audit   'ansi-escapes': [ '4.3.2' ],
43 silly audit   'type-fest': [ '0.21.3', '0.7.1' ],
43 silly audit   'ansi-regex': [ '5.0.1', '4.1.1' ],
43 silly audit   'ansi-styles': [ '4.3.0', '3.2.1', '5.2.0' ],
43 silly audit   anymatch: [ '3.1.3' ],
43 silly audit   arg: [ '5.0.2', '4.1.3' ],
43 silly audit   asap: [ '2.0.6' ],
43 silly audit   'babel-jest': [ '29.7.0' ],
43 silly audit   'babel-plugin-istanbul': [ '6.1.1' ],
43 silly audit   'babel-plugin-jest-hoist': [ '29.6.3' ],
43 silly audit   'babel-plugin-polyfill-corejs2': [ '0.4.17' ],
43 silly audit   'babel-plugin-polyfill-corejs3': [ '0.13.0' ],
43 silly audit   'babel-plugin-polyfill-regenerator': [ '0.6.8' ],
43 silly audit   'babel-plugin-react-compiler': [ '1.0.0' ],
43 silly audit   'babel-plugin-react-native-web': [ '0.21.2' ],
43 silly audit   'babel-plugin-syntax-hermes-parser': [ '0.32.0' ],
43 silly audit   'babel-plugin-transform-flow-enums': [ '0.0.2' ],
43 silly audit   'babel-preset-current-node-syntax': [ '1.2.0' ],
43 silly audit   'babel-preset-jest': [ '29.6.3' ],
43 silly audit   'base64-js': [ '1.5.1' ],
43 silly audit   'baseline-browser-mapping': [ '2.10.31' ],
43 silly audit   'better-opn': [ '3.0.2' ],
43 silly audit   open: [ '8.4.2', '7.4.2' ],
43 silly audit   'big-integer': [ '1.6.52' ],
43 silly audit   'bplist-creator': [ '0.1.0' ],
43 silly audit   'bplist-parser': [ '0.3.1' ],
43 silly audit   braces: [ '3.0.3' ],
43 silly audit   browserslist: [ '4.28.2' ],
43 silly audit   bser: [ '2.1.1' ],
43 silly audit   'buffer-from': [ '1.1.2' ],
43 silly audit   bytes: [ '3.1.2' ],
43 silly audit   'cacheable-lookup': [ '5.0.4' ],
43 silly audit   'cacheable-request': [ '7.0.4' ],
43 silly audit   'caniuse-lite': [ '1.0.30001793' ],
43 silly audit   chalk: [ '4.1.2', '2.4.2' ],
43 silly audit   'chrome-launcher': [ '0.15.2' ],
43 silly audit   'chromium-edge-launcher': [ '0.2.0' ],
43 silly audit   'ci-info': [ '2.0.0', '3.9.0' ],
43 silly audit   'cli-cursor': [ '2.1.0' ],
43 silly audit   'cli-spinners': [ '2.9.2' ],
43 silly audit   cliui: [ '8.0.1' ],
43 silly audit   clone: [ '1.0.4' ],
43 silly audit   'clone-response': [ '1.0.3' ],
43 silly audit   'color-convert': [ '2.0.1', '1.9.3' ],
43 silly audit   'color-name': [ '1.1.4', '1.1.3' ],
43 silly audit   commander: [ '7.2.0', '12.1.0', '2.20.3' ],
43 silly audit   compressible: [ '2.0.18' ],
43 silly audit   compression: [ '1.8.1' ],
43 silly audit   ms: [ '2.0.0', '2.1.3' ],
43 silly audit   negotiator: [ '0.6.4', '0.6.3', '1.0.0' ],
43 silly audit   'concat-map': [ '0.0.1' ],
43 silly audit   connect: [ '3.7.0' ],
43 silly audit   'convert-source-map': [ '2.0.0' ],
43 silly audit   'core-js-compat': [ '3.49.0' ],
43 silly audit   'cross-fetch': [ '3.2.0' ],
43 silly audit   'cross-spawn': [ '7.0.6' ],
43 silly audit   'css-in-js-utils': [ '3.1.0' ],
43 silly audit   'decompress-response': [ '6.0.0' ],
43 silly audit   'mimic-response': [ '3.1.0', '1.0.1' ],
43 silly audit   deepmerge: [ '4.3.1' ],
43 silly audit   defaults: [ '1.0.4' ],
43 silly audit   'defer-to-connect': [ '2.0.1' ],
43 silly audit   'define-lazy-prop': [ '2.0.0' ],
43 silly audit   depd: [ '2.0.0' ],
43 silly audit   destroy: [ '1.2.0' ],
43 silly audit   'detect-libc': [ '2.1.2' ],
43 silly audit   'dnssd-advertise': [ '1.1.4' ],
43 silly audit   'ee-first': [ '1.1.1' ],
43 silly audit   'electron-to-chromium': [ '1.5.357' ],
43 silly audit   'emoji-regex': [ '8.0.0' ],
43 silly audit   encodeurl: [ '1.0.2', '2.0.0' ],
43 silly audit   'end-of-stream': [ '1.4.5' ],
43 silly audit   'error-stack-parser': [ '2.1.4' ],
43 silly audit   'es-errors': [ '1.3.0' ],
43 silly audit   escalade: [ '3.2.0' ],
43 silly audit   'escape-html': [ '1.0.3' ],
43 silly audit   'escape-string-regexp': [ '4.0.0', '1.0.5', '2.0.0' ],
43 silly audit   esprima: [ '4.0.1' ],
43 silly audit   etag: [ '1.8.1' ],
43 silly audit   'event-target-shim': [ '5.0.1' ],
43 silly audit   expo: [ '55.0.24' ],
43 silly audit   'expo-eas-client': [ '55.0.5' ],
43 silly audit   'expo-json-utils': [ '55.0.2' ],
43 silly audit   'expo-manifests': [ '55.0.17' ],
43 silly audit   'expo-modules-autolinking': [ '55.0.22' ],
43 silly audit   'expo-modules-core': [ '55.0.25' ],
43 silly audit   'expo-print': [ '14.1.4' ],
43 silly audit   'expo-server': [ '55.0.9' ],
43 silly audit   'expo-sharing': [ '13.1.5' ],
43 silly audit   'expo-status-bar': [ '55.0.6' ],
43 silly audit   'expo-structured-headers': [ '55.0.2' ],
43 silly audit   'expo-updates': [ '55.0.23' ],
43 silly audit   'expo-updates-interface': [ '55.1.6' ],
43 silly audit   '@expo/cli': [ '55.0.30' ],
43 silly audit   '@expo/prebuild-config': [ '55.0.18' ],
43 silly audit   '@expo/router-server': [ '55.0.16' ],
43 silly audit   '@expo/log-box': [ '55.0.12' ],
43 silly audit   '@expo/dom-webview': [ '55.0.6' ],
43 silly audit   '@expo/metro-config': [ '55.0.21' ],
43 silly audit   '@expo/vector-icons': [ '15.1.1' ],
43 silly audit   'babel-preset-expo': [ '55.0.21' ],
43 silly audit   'expo-asset': [ '55.0.17' ],
43 silly audit   'expo-constants': [ '55.0.16' ],
43 silly audit   'expo-file-system': [ '55.0.20' ],
43 silly audit   'expo-font': [ '55.0.7' ],
43 silly audit   'expo-keep-awake': [ '55.0.8' ],
43 silly audit   'mime-db': [ '1.52.0', '1.54.0' ],
43 silly audit   'mime-types': [ '2.1.35', '3.0.2' ],
43 silly audit   picomatch: [ '4.0.4', '2.3.2' ],
43 silly audit   ws: [ '8.20.1', '7.5.10' ],
43 silly audit   'exponential-backoff': [ '3.1.3' ],
43 silly audit   'fast-json-stable-stringify': [ '2.1.0' ],
43 silly audit   'faye-websocket': [ '0.11.4' ],
43 silly audit   'fb-dotslash': [ '0.5.8' ],
43 silly audit   'fb-watchman': [ '2.0.2' ],
43 silly audit   fbjs: [ '3.0.5' ],
43 silly audit   'fbjs-css-vars': [ '1.0.2' ],
43 silly audit   promise: [ '7.3.1', '8.3.0' ],
43 silly audit   'fetch-nodeshim': [ '0.4.10' ],
43 silly audit   'fill-range': [ '7.1.1' ],
43 silly audit   finalhandler: [ '1.1.2' ],
43 silly audit   'find-up': [ '4.1.0' ],
43 silly audit   firebase: [ '12.13.0' ],
43 silly audit   'flow-enums-runtime': [ '0.0.6' ],
43 silly audit   fontfaceobserver: [ '2.3.0' ],
43 silly audit   fresh: [ '0.5.2' ],
43 silly audit   'fs.realpath': [ '1.0.0' ],
43 silly audit   fsevents: [ '2.3.3' ],
43 silly audit   'function-bind': [ '1.1.2' ],
43 silly audit   gensync: [ '1.0.0-beta.2' ],
43 silly audit   'get-caller-file': [ '2.0.5' ],
43 silly audit   'get-package-type': [ '0.1.0' ],
43 silly audit   'get-stream': [ '5.2.0' ],
43 silly audit   getenv: [ '2.0.0' ],
43 silly audit   got: [ '11.8.6' ],
43 silly audit   'graceful-fs': [ '4.2.11' ],
43 silly audit   'has-flag': [ '4.0.0', '3.0.0' ],
43 silly audit   hasown: [ '2.0.3' ],
43 silly audit   'hermes-compiler': [ '0.14.1' ],
43 silly audit   'hosted-git-info': [ '7.0.2' ],
43 silly audit   'lru-cache': [ '10.4.3', '5.1.1', '11.4.0' ],
43 silly audit   'http-cache-semantics': [ '4.2.0' ],
43 silly audit   'http-errors': [ '2.0.1' ],
43 silly audit   statuses: [ '2.0.2', '1.5.0' ],
43 silly audit   'http-parser-js': [ '0.5.10' ],
43 silly audit   'http2-wrapper': [ '1.0.3' ],
43 silly audit   'https-proxy-agent': [ '7.0.6' ],
43 silly audit   'hyphenate-style-name': [ '1.1.0' ],
43 silly audit   idb: [ '7.1.1' ],
43 silly audit   ignore: [ '5.3.2' ],
43 silly audit   'image-size': [ '1.2.1' ],
43 silly audit   imurmurhash: [ '0.1.4' ],
43 silly audit   inflight: [ '1.0.6' ],
43 silly audit   inherits: [ '2.0.4' ],
43 silly audit   'inline-style-prefixer': [ '7.0.1' ],
43 silly audit   invariant: [ '2.2.4' ],
43 silly audit   'is-core-module': [ '2.16.2' ],
43 silly audit   'is-docker': [ '2.2.1' ],
43 silly audit   'is-fullwidth-code-point': [ '3.0.0' ],
43 silly audit   'is-number': [ '7.0.0' ],
43 silly audit   'is-wsl': [ '2.2.0' ],
43 silly audit   isexe: [ '2.0.0' ],
43 silly audit   'istanbul-lib-coverage': [ '3.2.2' ],
43 silly audit   'istanbul-lib-instrument': [ '5.2.1' ],
43 silly audit   'jest-environment-node': [ '29.7.0' ],
43 silly audit   'jest-get-type': [ '29.6.3' ],
43 silly audit   'jest-haste-map': [ '29.7.0' ],
43 silly audit   'jest-message-util': [ '29.7.0' ],
43 silly audit   'jest-mock': [ '29.7.0' ],
43 silly audit   'jest-regex-util': [ '29.6.3' ],
43 silly audit   'jest-util': [ '29.7.0' ],
43 silly audit   'jest-validate': [ '29.7.0' ],
43 silly audit   'jest-worker': [ '29.7.0' ],
43 silly audit   'supports-color': [ '8.1.1', '5.5.0', '7.2.0' ],
43 silly audit   'jimp-compact': [ '0.16.1' ],
43 silly audit   'js-tokens': [ '4.0.0' ],
43 silly audit   'jsc-safe-url': [ '0.2.4' ],
43 silly audit   jsesc: [ '3.1.0' ],
43 silly audit   'json-buffer': [ '3.0.1' ],
43 silly audit   json5: [ '2.2.3' ],
43 silly audit   keyv: [ '4.5.4' ],
43 silly audit   kleur: [ '3.0.3' ],
43 silly audit   'lan-network': [ '0.2.1' ],
43 silly audit   leven: [ '3.1.0' ],
43 silly audit   'lighthouse-logger': [ '1.4.2' ],
43 silly audit   lightningcss: [ '1.32.0' ],
43 silly audit   'lightningcss-android-arm64': [ '1.32.0' ],
43 silly audit   'lightningcss-darwin-arm64': [ '1.32.0' ],
43 silly audit   'lightningcss-darwin-x64': [ '1.32.0' ],
43 silly audit   'lightningcss-freebsd-x64': [ '1.32.0' ],
43 silly audit   'lightningcss-linux-arm-gnueabihf': [ '1.32.0' ],
43 silly audit   'lightningcss-linux-arm64-gnu': [ '1.32.0' ],
43 silly audit   'lightningcss-linux-arm64-musl': [ '1.32.0' ],
43 silly audit   'lightningcss-linux-x64-gnu': [ '1.32.0' ],
43 silly audit   'lightningcss-linux-x64-musl': [ '1.32.0' ],
43 silly audit   'lightningcss-win32-arm64-msvc': [ '1.32.0' ],
43 silly audit   'lightningcss-win32-x64-msvc': [ '1.32.0' ],
43 silly audit   'locate-path': [ '5.0.0' ],
43 silly audit   'lodash.camelcase': [ '4.3.0' ],
43 silly audit   'lodash.debounce': [ '4.0.8' ],
43 silly audit   'lodash.throttle': [ '4.1.1' ],
43 silly audit   'log-symbols': [ '2.2.0' ],
43 silly audit   long: [ '5.3.2' ],
43 silly audit   'loose-envify': [ '1.4.0' ],
43 silly audit   'lowercase-keys': [ '2.0.0' ],
43 silly audit   makeerror: [ '1.0.12' ],
43 silly audit   marky: [ '1.3.0' ],
43 silly audit   'memoize-one': [ '5.2.1', '6.0.0' ],
43 silly audit   'merge-stream': [ '2.0.0' ],
43 silly audit   metro: [ '0.83.7' ],
43 silly audit   'metro-babel-transformer': [ '0.83.7' ],
43 silly audit   'metro-cache': [ '0.83.7' ],
43 silly audit   'metro-cache-key': [ '0.83.7' ],
43 silly audit   'metro-config': [ '0.83.7' ],
43 silly audit   'metro-core': [ '0.83.7' ],
43 silly audit   'metro-file-map': [ '0.83.7' ],
43 silly audit   'metro-minify-terser': [ '0.83.7' ],
43 silly audit   'metro-resolver': [ '0.83.7' ],
43 silly audit   'metro-runtime': [ '0.83.7' ],
43 silly audit   'metro-source-map': [ '0.83.7' ],
43 silly audit   'metro-symbolicate': [ '0.83.7' ],
43 silly audit   'metro-transform-plugins': [ '0.83.7' ],
43 silly audit   'metro-transform-worker': [ '0.83.7' ],
43 silly audit   micromatch: [ '4.0.8' ],
43 silly audit   mime: [ '1.6.0' ],
43 silly audit   'mimic-fn': [ '1.2.0' ],
43 silly audit   minipass: [ '7.1.3' ],
43 silly audit   mkdirp: [ '1.0.4' ],
43 silly audit   multitars: [ '1.0.0' ],
43 silly audit   nanoid: [ '3.3.12' ],
43 silly audit   'node-fetch': [ '2.7.0' ],
43 silly audit   'node-forge': [ '1.4.0' ],
43 silly audit   'node-int64': [ '0.4.0' ],
43 silly audit   'node-releases': [ '2.0.44' ],
43 silly audit   'normalize-path': [ '3.0.0' ],
43 silly audit   'normalize-url': [ '6.1.0' ],
43 silly audit   'npm-package-arg': [ '11.0.3' ],
43 silly audit   nullthrows: [ '1.1.1' ],
43 silly audit   ob1: [ '0.83.7' ],
43 silly audit   'object-assign': [ '4.1.1' ],
43 silly audit   'on-finished': [ '2.3.0', '2.4.1' ],
43 silly audit   'on-headers': [ '1.1.0' ],
43 silly audit   once: [ '1.4.0' ],
43 silly audit   onetime: [ '2.0.1' ],
43 silly audit   ora: [ '3.4.0' ],
43 silly audit   'strip-ansi': [ '5.2.0', '6.0.1' ],
43 silly audit   'p-cancelable': [ '2.1.1' ],
43 silly audit   'p-limit': [ '2.3.0' ],
43 silly audit   'p-locate': [ '4.1.0' ],
43 silly audit   'p-try': [ '2.2.0' ],
43 silly audit   'parse-png': [ '2.1.0' ],
43 silly audit   parseurl: [ '1.3.3' ],
43 silly audit   'path-exists': [ '4.0.0' ],
43 silly audit   'path-is-absolute': [ '1.0.1' ],
43 silly audit   'path-key': [ '3.1.1' ],
43 silly audit   'path-parse': [ '1.0.7' ],
43 silly audit   'path-scurry': [ '2.0.2' ],
43 silly audit   picocolors: [ '1.1.1' ],
43 silly audit   pirates: [ '4.0.7' ],
43 silly audit   plist: [ '3.1.1' ],
43 silly audit   pngjs: [ '3.4.0' ],
43 silly audit   postcss: [ '8.4.49' ],
43 silly audit   'postcss-value-parser': [ '4.2.0' ],
43 silly audit   'pretty-format': [ '29.7.0' ],
43 silly audit   'proc-log': [ '4.2.0' ],
43 silly audit   progress: [ '2.0.3' ],
43 silly audit   prompts: [ '2.4.2' ],
43 silly audit   protobufjs: [ '7.5.9' ],
43 silly audit   pump: [ '3.0.4' ],
43 silly audit   queue: [ '6.0.2' ],
43 silly audit   'quick-lru': [ '5.1.1' ],
43 silly audit   'range-parser': [ '1.2.1' ],
43 silly audit   react: [ '19.2.0' ],
43 silly audit   'react-devtools-core': [ '6.1.5' ],
43 silly audit   'react-dom': [ '19.2.0' ],
43 silly audit   'react-is': [ '18.3.1' ],
43 silly audit   'react-native': [ '0.83.6' ],
43 silly audit   'react-native-is-edge-to-edge': [ '1.3.1' ],
43 silly audit   'react-native-safe-area-context': [ '5.7.0' ],
43 silly audit   'react-native-web': [ '0.21.2' ],
43 silly audit   '@react-native/virtualized-lists': [ '0.83.6' ],
43 silly audit   'react-refresh': [ '0.14.2' ],
43 silly audit   regenerate: [ '1.4.2' ],
43 silly audit   'regenerate-unicode-properties': [ '10.2.2' ],
43 silly audit   'regenerator-runtime': [ '0.13.11' ],
43 silly audit   'regexpu-core': [ '6.4.0' ],
43 silly audit   regjsgen: [ '0.8.0' ],
43 silly audit   regjsparser: [ '0.13.1' ],
43 silly audit   'require-directory': [ '2.1.1' ],
43 silly audit   resolve: [ '1.22.12' ],
43 silly audit   'resolve-alpn': [ '1.2.1' ],
43 silly audit   'resolve-from': [ '5.0.0' ],
43 silly audit   'resolve-workspace-root': [ '2.0.1' ],
43 silly audit   responselike: [ '2.0.1' ],
43 silly audit   'restore-cursor': [ '2.0.0' ],
43 silly audit   rimraf: [ '3.0.2' ],
43 silly audit   'safe-buffer': [ '5.2.1' ],
43 silly audit   sax: [ '1.6.0' ],
43 silly audit   scheduler: [ '0.27.0' ],
43 silly audit   send: [ '0.19.2' ],
43 silly audit   'serialize-error': [ '2.1.0' ],
43 silly audit   'serve-static': [ '1.16.3' ],
43 silly audit   setimmediate: [ '1.0.5' ],
43 silly audit   setprototypeof: [ '1.2.0' ],
43 silly audit   'shebang-command': [ '2.0.0' ],
43 silly audit   'shebang-regex': [ '3.0.0' ],
43 silly audit   'shell-quote': [ '1.8.3' ],
43 silly audit   'signal-exit': [ '3.0.7' ],
43 silly audit   'simple-plist': [ '1.3.1' ],
43 silly audit   sisteransi: [ '1.0.5' ],
43 silly audit   slash: [ '3.0.0' ],
43 silly audit   slugify: [ '1.6.9' ],
43 silly audit   'source-map': [ '0.5.7', '0.6.1' ],
43 silly audit   'source-map-js': [ '1.2.1' ],
43 silly audit   'source-map-support': [ '0.5.21' ],
43 silly audit   'sprintf-js': [ '1.0.3' ],
43 silly audit   'stack-utils': [ '2.0.6' ],
43 silly audit   stackframe: [ '1.3.4' ],
43 silly audit   'stacktrace-parser': [ '0.1.11' ],
43 silly audit   'stream-buffers': [ '2.2.0' ],
43 silly audit   'string-width': [ '4.2.3' ],
43 silly audit   'structured-headers': [ '0.4.1' ],
43 silly audit   styleq: [ '0.1.3' ],
43 silly audit   'supports-hyperlinks': [ '2.3.0' ],
43 silly audit   'supports-preserve-symlinks-flag': [ '1.0.0' ],
43 silly audit   'terminal-link': [ '2.1.1' ],
43 silly audit   terser: [ '5.47.1' ],
43 silly audit   'test-exclude': [ '6.0.0' ],
43 silly audit   throat: [ '5.0.0' ],
43 silly audit   tmpl: [ '1.0.5' ],
43 silly audit   'to-regex-range': [ '5.0.1' ],
43 silly audit   toidentifier: [ '1.0.1' ],
43 silly audit   toqr: [ '0.1.1' ],
43 silly audit   tr46: [ '0.0.3' ],
43 silly audit   tslib: [ '2.8.1' ],
43 silly audit   'type-detect': [ '4.0.8' ],
43 silly audit   'ua-parser-js': [ '1.0.41' ],
43 silly audit   'undici-types': [ '7.24.6' ],
43 silly audit   'unicode-canonical-property-names-ecmascript': [ '2.0.1' ],
43 silly audit   'unicode-match-property-ecmascript': [ '2.0.0' ],
43 silly audit   'unicode-match-property-value-ecmascript': [ '2.2.1' ],
43 silly audit   'unicode-property-aliases-ecmascript': [ '2.2.0' ],
43 silly audit   unpipe: [ '1.0.0' ],
43 silly audit   'update-browserslist-db': [ '1.2.3' ],
43 silly audit   'utils-merge': [ '1.0.1' ],
43 silly audit   'validate-npm-package-name': [ '5.0.1' ],
43 silly audit   vary: [ '1.1.2' ],
43 silly audit   vlq: [ '1.0.1' ],
43 silly audit   walker: [ '1.0.8' ],
43 silly audit   wcwidth: [ '1.0.1' ],
43 silly audit   'web-vitals': [ '4.2.4' ],
43 silly audit   'webidl-conversions': [ '3.0.1' ],
43 silly audit   'websocket-driver': [ '0.7.4' ],
43 silly audit   'websocket-extensions': [ '0.1.4' ],
43 silly audit   'whatwg-fetch': [ '3.6.20' ],
43 silly audit   'whatwg-url': [ '5.0.0' ],
43 silly audit   'whatwg-url-minimum': [ '0.1.2' ],
43 silly audit   which: [ '2.0.2' ],
43 silly audit   'wrap-ansi': [ '7.0.0' ],
43 silly audit   wrappy: [ '1.0.2' ],
43 silly audit   'write-file-atomic': [ '4.0.2' ],
43 silly audit   xcode: [ '3.0.1' ],
43 silly audit   xml2js: [ '0.6.0' ],
43 silly audit   xmlbuilder: [ '11.0.1', '15.1.1' ],
43 silly audit   y18n: [ '5.0.8' ],
43 silly audit   yallist: [ '3.1.1' ],
43 silly audit   yargs: [ '17.7.2' ],
43 silly audit   'yargs-parser': [ '21.1.1' ],
43 silly audit   zod: [ '3.25.76' ],
43 silly audit   '@react-native-async-storage/async-storage': [ '2.2.0' ],
43 silly audit   'merge-options': [ '3.0.4' ],
43 silly audit   'is-plain-obj': [ '2.1.0' ]
43 silly audit }
44 http cache @react-native-async-storage/async-storage@https://registry.npmjs.org/@react-native-async-storage/async-storage/-/async-storage-2.2.0.tgz 0ms (cache hit)
45 http cache is-plain-obj@https://registry.npmjs.org/is-plain-obj/-/is-plain-obj-2.1.0.tgz 0ms (cache hit)
46 http cache merge-options@https://registry.npmjs.org/merge-options/-/merge-options-3.0.4.tgz 0ms (cache hit)
47 silly tarball no local data for @react-native-async-storage/async-storage@https://registry.npmjs.org/@react-native-async-storage/async-storage/-/async-storage-2.2.0.tgz. Extracting by manifest.
48 silly tarball no local data for is-plain-obj@https://registry.npmjs.org/is-plain-obj/-/is-plain-obj-2.1.0.tgz. Extracting by manifest.
49 silly tarball no local data for merge-options@https://registry.npmjs.org/merge-options/-/merge-options-3.0.4.tgz. Extracting by manifest.
50 http fetch GET 200 https://registry.npmjs.org/is-plain-obj/-/is-plain-obj-2.1.0.tgz 169ms (cache miss)
51 http fetch GET 200 https://registry.npmjs.org/merge-options/-/merge-options-3.0.4.tgz 184ms (cache miss)
52 http fetch POST 200 https://registry.npmjs.org/-/npm/v1/security/advisories/bulk 303ms
53 silly audit report {
53 silly audit report   uuid: [
53 silly audit report     {
53 silly audit report       id: 1119441,
53 silly audit report       url: 'https://github.com/advisories/GHSA-w5hq-g745-h8pq',
53 silly audit report       title: 'uuid: Missing buffer bounds check in v3/v5/v6 when buf is provided',
53 silly audit report       severity: 'moderate',
53 silly audit report       vulnerable_versions: '<11.1.1',
53 silly audit report       cwe: [Array],
53 silly audit report       cvss: [Object]
53 silly audit report     }
53 silly audit report   ],
53 silly audit report   '@grpc/grpc-js': [
53 silly audit report     {
53 silly audit report       id: 1120587,
53 silly audit report       url: 'https://github.com/advisories/GHSA-5375-pq7m-f5r2',
53 silly audit report       title: '@grpc/grpc-js: A malformed request can cause a server crash',
53 silly audit report       severity: 'high',
53 silly audit report       vulnerable_versions: '<1.9.16',
53 silly audit report       cwe: [Array],
53 silly audit report       cvss: [Object]
53 silly audit report     },
53 silly audit report     {
53 silly audit report       id: 1120593,
53 silly audit report       url: 'https://github.com/advisories/GHSA-99f4-grh7-6pcq',
53 silly audit report       title: '@grpc/grpc-js: An incoming malformed compressed message can cause a client or server crash',
53 silly audit report       severity: 'high',
53 silly audit report       vulnerable_versions: '<1.9.16',
53 silly audit report       cwe: [Array],
53 silly audit report       cvss: [Object]
53 silly audit report     }
53 silly audit report   ],
53 silly audit report   postcss: [
53 silly audit report     {
53 silly audit report       id: 1117015,
53 silly audit report       url: 'https://github.com/advisories/GHSA-qx2v-qp2m-jg93',
53 silly audit report       title: 'PostCSS has XSS via Unescaped </style> in its CSS Stringify Output',
53 silly audit report       severity: 'moderate',
53 silly audit report       vulnerable_versions: '<8.5.10',
53 silly audit report       cwe: [Array],
53 silly audit report       cvss: [Object]
53 silly audit report     }
53 silly audit report   ],
53 silly audit report   'shell-quote': [
53 silly audit report     {
53 silly audit report       id: 1120422,
53 silly audit report       url: 'https://github.com/advisories/GHSA-w7jw-789q-3m8p',
53 silly audit report       title: 'shell-quote quote() does not escape newlines in object .op values',
53 silly audit report       severity: 'critical',
53 silly audit report       vulnerable_versions: '>=1.1.0 <=1.8.3',
53 silly audit report       cwe: [Array],
53 silly audit report       cvss: [Object]
53 silly audit report     }
53 silly audit report   ]
53 silly audit report }
54 silly packumentCache corgi:https://registry.npmjs.org/uuid cache-miss
55 silly packumentCache corgi:https://registry.npmjs.org/@grpc%2fgrpc-js cache-miss
56 silly packumentCache corgi:https://registry.npmjs.org/postcss cache-miss
57 silly packumentCache corgi:https://registry.npmjs.org/shell-quote cache-miss
58 http fetch GET 200 https://registry.npmjs.org/shell-quote 157ms (cache revalidated)
59 silly packumentCache corgi:https://registry.npmjs.org/shell-quote set size:27390 disposed:false
60 http fetch GET 200 https://registry.npmjs.org/postcss 164ms (cache revalidated)
61 silly packumentCache corgi:https://registry.npmjs.org/postcss set size:344717 disposed:false
62 http fetch GET 200 https://registry.npmjs.org/uuid 182ms (cache revalidated)
63 silly packumentCache corgi:https://registry.npmjs.org/uuid set size:81812 disposed:false
64 http fetch GET 200 https://registry.npmjs.org/@grpc%2fgrpc-js 1331ms (cache revalidated)
65 silly packumentCache corgi:https://registry.npmjs.org/@grpc%2fgrpc-js set size:346199 disposed:false
66 silly packumentCache corgi:https://registry.npmjs.org/@expo%2fngrok cache-miss
67 silly packumentCache corgi:https://registry.npmjs.org/xcode cache-miss
68 http fetch GET 200 https://registry.npmjs.org/xcode 496ms (cache revalidated)
69 silly packumentCache corgi:https://registry.npmjs.org/xcode set size:1850340 disposed:false
70 http fetch GET 200 https://registry.npmjs.org/@expo%2fngrok 963ms (cache revalidated)
71 silly packumentCache corgi:https://registry.npmjs.org/@expo%2fngrok set size:13323 disposed:false
72 silly packumentCache corgi:https://registry.npmjs.org/@firebase%2ffirestore cache-miss
73 http fetch GET 200 https://registry.npmjs.org/@react-native-async-storage/async-storage/-/async-storage-2.2.0.tgz 3312ms (cache miss)
74 http fetch GET 200 https://registry.npmjs.org/@firebase%2ffirestore 2934ms (cache revalidated)
75 silly packumentCache corgi:https://registry.npmjs.org/@firebase%2ffirestore set size:8975793 disposed:false
76 silly packumentCache corgi:https://registry.npmjs.org/@expo%2fmetro-config cache-miss
77 http fetch GET 200 https://registry.npmjs.org/@expo%2fmetro-config 854ms (cache revalidated)
78 silly packumentCache corgi:https://registry.npmjs.org/@expo%2fmetro-config set size:582725 disposed:false
79 silly packumentCache corgi:https://registry.npmjs.org/react-devtools-core cache-miss
80 http fetch GET 200 https://registry.npmjs.org/react-devtools-core 54ms (cache revalidated)
81 silly packumentCache corgi:https://registry.npmjs.org/react-devtools-core set size:186850 disposed:false
82 silly packumentCache corgi:https://registry.npmjs.org/@expo%2fconfig-plugins cache-miss
83 http fetch GET 200 https://registry.npmjs.org/@expo%2fconfig-plugins 869ms (cache revalidated)
84 silly packumentCache corgi:https://registry.npmjs.org/@expo%2fconfig-plugins set size:413059 disposed:false
85 silly packumentCache corgi:https://registry.npmjs.org/expo cache-miss
86 silly packumentCache corgi:https://registry.npmjs.org/@expo%2fcli cache-miss
87 http fetch GET 200 https://registry.npmjs.org/expo 283ms (cache revalidated)
88 silly packumentCache corgi:https://registry.npmjs.org/expo set size:1768120 disposed:false
89 http fetch GET 200 https://registry.npmjs.org/@expo%2fcli 825ms (cache revalidated)
90 silly packumentCache corgi:https://registry.npmjs.org/@expo%2fcli set size:1640347 disposed:false
91 silly packumentCache corgi:https://registry.npmjs.org/@expo%2fconfig cache-miss
92 silly packumentCache corgi:https://registry.npmjs.org/@expo%2fprebuild-config cache-miss
93 http fetch GET 200 https://registry.npmjs.org/@expo%2fconfig 883ms (cache revalidated)
94 silly packumentCache corgi:https://registry.npmjs.org/@expo%2fconfig set size:542603 disposed:false
95 http fetch GET 200 https://registry.npmjs.org/@expo%2fprebuild-config 911ms (cache revalidated)
96 silly packumentCache corgi:https://registry.npmjs.org/@expo%2fprebuild-config set size:382820 disposed:false
97 silly packumentCache corgi:https://registry.npmjs.org/expo-manifests cache-miss
98 silly packumentCache corgi:https://registry.npmjs.org/expo-print cache-miss
99 silly packumentCache corgi:https://registry.npmjs.org/expo-sharing cache-miss
100 silly packumentCache corgi:https://registry.npmjs.org/expo-updates cache-miss
101 silly packumentCache corgi:https://registry.npmjs.org/expo-updates-interface cache-miss
102 silly packumentCache corgi:https://registry.npmjs.org/@expo%2frouter-server cache-miss
103 silly packumentCache corgi:https://registry.npmjs.org/@expo%2flog-box cache-miss
104 silly packumentCache corgi:https://registry.npmjs.org/@expo%2fdom-webview cache-miss
105 silly packumentCache corgi:https://registry.npmjs.org/babel-preset-expo cache-miss
106 silly packumentCache corgi:https://registry.npmjs.org/expo-asset cache-miss
107 silly packumentCache corgi:https://registry.npmjs.org/expo-constants cache-miss
108 silly packumentCache corgi:https://registry.npmjs.org/expo-file-system cache-miss
109 silly packumentCache corgi:https://registry.npmjs.org/expo-font cache-miss
110 silly packumentCache corgi:https://registry.npmjs.org/expo-keep-awake cache-miss
111 http fetch GET 200 https://registry.npmjs.org/expo-print 402ms (cache revalidated)
112 silly packumentCache corgi:https://registry.npmjs.org/expo-print set size:200179 disposed:false
113 http fetch GET 200 https://registry.npmjs.org/expo-sharing 428ms (cache revalidated)
114 silly packumentCache corgi:https://registry.npmjs.org/expo-sharing set size:215611 disposed:false
115 http fetch GET 200 https://registry.npmjs.org/expo-updates 446ms (cache revalidated)
116 silly packumentCache corgi:https://registry.npmjs.org/expo-updates set size:628138 disposed:false
117 http fetch GET 200 https://registry.npmjs.org/expo-file-system 648ms (cache revalidated)
118 silly packumentCache corgi:https://registry.npmjs.org/expo-file-system set size:291994 disposed:false
119 http fetch GET 200 https://registry.npmjs.org/expo-manifests 681ms (cache revalidated)
120 silly packumentCache corgi:https://registry.npmjs.org/expo-manifests set size:183467 disposed:false
121 http fetch GET 200 https://registry.npmjs.org/expo-updates-interface 692ms (cache revalidated)
122 silly packumentCache corgi:https://registry.npmjs.org/expo-updates-interface set size:140790 disposed:false
123 http fetch GET 200 https://registry.npmjs.org/expo-asset 686ms (cache revalidated)
124 silly packumentCache corgi:https://registry.npmjs.org/expo-asset set size:305922 disposed:false
125 http fetch GET 200 https://registry.npmjs.org/expo-font 713ms (cache revalidated)
126 silly packumentCache corgi:https://registry.npmjs.org/expo-font set size:241981 disposed:false
127 http fetch GET 200 https://registry.npmjs.org/expo-constants 720ms (cache revalidated)
128 silly packumentCache corgi:https://registry.npmjs.org/expo-constants set size:291346 disposed:false
129 http fetch GET 200 https://registry.npmjs.org/babel-preset-expo 750ms (cache revalidated)
130 silly packumentCache corgi:https://registry.npmjs.org/babel-preset-expo set size:545916 disposed:false
131 http fetch GET 200 https://registry.npmjs.org/expo-keep-awake 802ms (cache revalidated)
132 silly packumentCache corgi:https://registry.npmjs.org/expo-keep-awake set size:190028 disposed:false
133 http fetch GET 200 https://registry.npmjs.org/@expo%2fdom-webview 1153ms (cache revalidated)
134 silly packumentCache corgi:https://registry.npmjs.org/@expo%2fdom-webview set size:97299 disposed:false
135 http fetch GET 200 https://registry.npmjs.org/@expo%2flog-box 1167ms (cache revalidated)
136 silly packumentCache corgi:https://registry.npmjs.org/@expo%2flog-box set size:86929 disposed:false
137 http fetch GET 200 https://registry.npmjs.org/@expo%2frouter-server 1395ms (cache revalidated)
138 silly packumentCache corgi:https://registry.npmjs.org/@expo%2frouter-server set size:104410 disposed:false
139 silly packumentCache corgi:https://registry.npmjs.org/@expo%2flocal-build-cache-provider cache-miss
140 http fetch GET 200 https://registry.npmjs.org/@expo%2flocal-build-cache-provider 1004ms (cache revalidated)
141 silly packumentCache corgi:https://registry.npmjs.org/@expo%2flocal-build-cache-provider set size:50741 disposed:false
142 silly ADD node_modules/is-plain-obj
143 silly ADD node_modules/merge-options
144 silly ADD node_modules/@react-native-async-storage/async-storage
145 verbose cwd C:\Users\istiy\OneDrive\Desktop\DISS-Sync-main
146 verbose os Windows_NT 10.0.26200
147 verbose node v24.15.0
148 verbose npm  v11.12.1
149 verbose exit 0
150 info ok
